E, [2016-02-14T14:20:31.759701 #30536] ERROR -- Kitchen: ------Exception-------
E, [2016-02-14T14:20:31.759864 #30536] ERROR -- Kitchen: Class: Kitchen::UserError
E, [2016-02-14T14:20:31.759900 #30536] ERROR -- Kitchen: Message: Kitchen YAML file /root/chef/.kitchen.yml does not exist.
E, [2016-02-14T14:20:31.759929 #30536] ERROR -- Kitchen: ------Backtrace-------
E, [2016-02-14T14:20:31.759954 #30536] ERROR -- Kitchen: /opt/chefdk/embedded/lib/ruby/gems/2.1.0/gems/test-kitchen-1.4.2/lib/kitchen/loader/yaml.rb:74:in `read'
E, [2016-02-14T14:20:31.759980 #30536] ERROR -- Kitchen: /opt/chefdk/embedded/lib/ruby/gems/2.1.0/gems/test-kitchen-1.4.2/lib/kitchen/config.rb:145:in `data'
E, [2016-02-14T14:20:31.760006 #30536] ERROR -- Kitchen: /opt/chefdk/embedded/lib/ruby/gems/2.1.0/gems/test-kitchen-1.4.2/lib/kitchen/config.rb:124:in `suites'
E, [2016-02-14T14:20:31.760031 #30536] ERROR -- Kitchen: /opt/chefdk/embedded/lib/ruby/gems/2.1.0/gems/test-kitchen-1.4.2/lib/kitchen/config.rb:175:in `filter_instances'
E, [2016-02-14T14:20:31.760056 #30536] ERROR -- Kitchen: /opt/chefdk/embedded/lib/ruby/gems/2.1.0/gems/test-kitchen-1.4.2/lib/kitchen/config.rb:134:in `build_instances'
E, [2016-02-14T14:20:31.760081 #30536] ERROR -- Kitchen: /opt/chefdk/embedded/lib/ruby/gems/2.1.0/gems/test-kitchen-1.4.2/lib/kitchen/config.rb:110:in `instances'
E, [2016-02-14T14:20:31.760107 #30536] ERROR -- Kitchen: /opt/chefdk/embedded/lib/ruby/gems/2.1.0/gems/test-kitchen-1.4.2/lib/kitchen/command.rb:115:in `filtered_instances'
E, [2016-02-14T14:20:31.760138 #30536] ERROR -- Kitchen: /opt/chefdk/embedded/lib/ruby/gems/2.1.0/gems/test-kitchen-1.4.2/lib/kitchen/command.rb:145:in `parse_subcommand'
E, [2016-02-14T14:20:31.760168 #30536] ERROR -- Kitchen: /opt/chefdk/embedded/lib/ruby/gems/2.1.0/gems/test-kitchen-1.4.2/lib/kitchen/command/list.rb:32:in `call'
E, [2016-02-14T14:20:31.760209 #30536] ERROR -- Kitchen: /opt/chefdk/embedded/lib/ruby/gems/2.1.0/gems/test-kitchen-1.4.2/lib/kitchen/cli.rb:56:in `perform'
E, [2016-02-14T14:20:31.760235 #30536] ERROR -- Kitchen: /opt/chefdk/embedded/lib/ruby/gems/2.1.0/gems/test-kitchen-1.4.2/lib/kitchen/cli.rb:108:in `list'
E, [2016-02-14T14:20:31.760261 #30536] ERROR -- Kitchen: /opt/chefdk/embedded/lib/ruby/gems/2.1.0/gems/thor-0.19.1/lib/thor/command.rb:27:in `run'
E, [2016-02-14T14:20:31.760303 #30536] ERROR -- Kitchen: /opt/chefdk/embedded/lib/ruby/gems/2.1.0/gems/thor-0.19.1/lib/thor/invocation.rb:126:in `invoke_command'
E, [2016-02-14T14:20:31.760334 #30536] ERROR -- Kitchen: /opt/chefdk/embedded/lib/ruby/gems/2.1.0/gems/test-kitchen-1.4.2/lib/kitchen/cli.rb:308:in `invoke_task'
E, [2016-02-14T14:20:31.760359 #30536] ERROR -- Kitchen: /opt/chefdk/embedded/lib/ruby/gems/2.1.0/gems/thor-0.19.1/lib/thor.rb:359:in `dispatch'
E, [2016-02-14T14:20:31.760384 #30536] ERROR -- Kitchen: /opt/chefdk/embedded/lib/ruby/gems/2.1.0/gems/thor-0.19.1/lib/thor/base.rb:440:in `start'
E, [2016-02-14T14:20:31.760414 #30536] ERROR -- Kitchen: /opt/chefdk/embedded/lib/ruby/gems/2.1.0/gems/test-kitchen-1.4.2/bin/kitchen:13:in `block in <top (required)>'
E, [2016-02-14T14:20:31.760440 #30536] ERROR -- Kitchen: /opt/chefdk/embedded/lib/ruby/gems/2.1.0/gems/test-kitchen-1.4.2/lib/kitchen/errors.rb:154:in `with_friendly_errors'
E, [2016-02-14T14:20:31.760473 #30536] ERROR -- Kitchen: /opt/chefdk/embedded/lib/ruby/gems/2.1.0/gems/test-kitchen-1.4.2/bin/kitchen:13:in `<top (required)>'
E, [2016-02-14T14:20:31.760497 #30536] ERROR -- Kitchen: /usr/bin/kitchen:14:in `load'
E, [2016-02-14T14:20:31.760519 #30536] ERROR -- Kitchen: /usr/bin/kitchen:14:in `<main>'
E, [2016-02-14T14:20:31.760542 #30536] ERROR -- Kitchen: ----------------------
